[debug] [2020-11-04T03:51:37.539Z] ----------------------------------------------------------------------
[debug] [2020-11-04T03:51:37.542Z] Command:       C:\Program Files\nodejs\node.exe C:\Users\gsing\AppData\Roaming\npm\node_modules\firebase-tools\lib\bin\firebase.js deploy --only hosting
[debug] [2020-11-04T03:51:37.543Z] CLI Version:   8.10.0
[debug] [2020-11-04T03:51:37.543Z] Platform:      win32
[debug] [2020-11-04T03:51:37.543Z] Node Version:  v12.16.1
[debug] [2020-11-04T03:51:37.545Z] Time:          Wed Nov 04 2020 09:21:37 GMT+0530 (India Standard Time)
[debug] [2020-11-04T03:51:37.546Z] ----------------------------------------------------------------------
[debug] [2020-11-04T03:51:37.546Z] 
[debug] [2020-11-04T03:51:37.561Z] > command requires scopes: ["email","openid","https://www.googleapis.com/auth/cloudplatformprojects.readonly","https://www.googleapis.com/auth/firebase","https://www.googleapis.com/auth/cloud-platform"]
[debug] [2020-11-04T03:51:37.562Z] > authorizing via signed-in user
[debug] [2020-11-04T03:51:37.563Z] [iam] checking project clone-a6f75 for permissions ["firebase.projects.get","firebasehosting.sites.update"]
[debug] [2020-11-04T03:51:37.567Z] >>> HTTP REQUEST POST https://cloudresourcemanager.googleapis.com/v1/projects/clone-a6f75:testIamPermissions  
 {"permissions":["firebase.projects.get","firebasehosting.sites.update"]}
[debug] [2020-11-04T03:51:39.348Z] <<< HTTP RESPONSE 200 {"content-type":"application/json; charset=UTF-8","vary":"X-Origin, Referer, Origin,Accept-Encoding","date":"Wed, 04 Nov 2020 03:52:11 GMT","server":"ESF","cache-control":"private","x-xss-protection":"0","x-frame-options":"SAMEORIGIN","x-content-type-options":"nosniff","server-timing":"gfet4t7; dur=1350","alt-svc":"h3-Q050=\":443\"; ma=2592000,h3-29=\":443\"; ma=2592000,h3-T051=\":443\"; ma=2592000,h3-T050=\":443\"; ma=2592000,h3-Q046=\":443\"; ma=2592000,h3-Q043=\":443\"; ma=2592000,quic=\":443\"; ma=2592000; v=\"46,43\"","accept-ranges":"none","transfer-encoding":"chunked"}
[debug] [2020-11-04T03:51:39.352Z] >>> HTTP REQUEST GET https://firebase.googleapis.com/v1beta1/projects/clone-a6f75  
 
[debug] [2020-11-04T03:51:40.262Z] <<< HTTP RESPONSE 200 {"content-type":"application/json; charset=UTF-8","vary":"X-Origin, Referer, Origin,Accept-Encoding","date":"Wed, 04 Nov 2020 03:52:11 GMT","server":"ESF","cache-control":"private","x-xss-protection":"0","x-frame-options":"SAMEORIGIN","x-content-type-options":"nosniff","alt-svc":"h3-Q050=\":443\"; ma=2592000,h3-29=\":443\"; ma=2592000,h3-T051=\":443\"; ma=2592000,h3-T050=\":443\"; ma=2592000,h3-Q046=\":443\"; ma=2592000,h3-Q043=\":443\"; ma=2592000,quic=\":443\"; ma=2592000; v=\"46,43\"","accept-ranges":"none","transfer-encoding":"chunked"}
[debug] [2020-11-04T03:51:42.058Z] TypeError [ERR_INVALID_ARG_TYPE]: The "path" argument must be of type string. Received undefined
    at validateString (internal/validators.js:117:11)
    at Object.join (path.js:375:7)
    at Object.checkFunctionsSDKVersion [as fn] (C:\Users\gsing\AppData\Roaming\npm\node_modules\firebase-tools\lib\checkFirebaseSDKVersion.js:34:28)
    at Command.<anonymous> (C:\Users\gsing\AppData\Roaming\npm\node_modules\firebase-tools\lib\command.js:164:30)
    at Generator.next (<anonymous>)
    at fulfilled (C:\Users\gsing\AppData\Roaming\npm\node_modules\firebase-tools\lib\command.js:5:58)
    at processTicksAndRejections (internal/process/task_queues.js:97:5)
[error] 
[error] Error: An unexpected error has occurred.
[debug] [2020-11-04T04:20:03.241Z] ----------------------------------------------------------------------
[debug] [2020-11-04T04:20:03.244Z] Command:       C:\Program Files\nodejs\node.exe C:\Users\gsing\AppData\Roaming\npm\node_modules\firebase-tools\lib\bin\firebase.js deploy --only hosting
[debug] [2020-11-04T04:20:03.245Z] CLI Version:   8.10.0
[debug] [2020-11-04T04:20:03.245Z] Platform:      win32
[debug] [2020-11-04T04:20:03.245Z] Node Version:  v12.16.1
[debug] [2020-11-04T04:20:03.247Z] Time:          Wed Nov 04 2020 09:50:03 GMT+0530 (India Standard Time)
[debug] [2020-11-04T04:20:03.247Z] ----------------------------------------------------------------------
[debug] [2020-11-04T04:20:03.247Z] 
[debug] [2020-11-04T04:20:03.260Z] > command requires scopes: ["email","openid","https://www.googleapis.com/auth/cloudplatformprojects.readonly","https://www.googleapis.com/auth/firebase","https://www.googleapis.com/auth/cloud-platform"]
[debug] [2020-11-04T04:20:03.261Z] > authorizing via signed-in user
[debug] [2020-11-04T04:20:03.262Z] [iam] checking project clone-a6f75 for permissions ["firebase.projects.get","firebasehosting.sites.update"]
[debug] [2020-11-04T04:20:03.266Z] >>> HTTP REQUEST POST https://cloudresourcemanager.googleapis.com/v1/projects/clone-a6f75:testIamPermissions  
 {"permissions":["firebase.projects.get","firebasehosting.sites.update"]}
[debug] [2020-11-04T04:20:05.234Z] <<< HTTP RESPONSE 200 {"content-type":"application/json; charset=UTF-8","vary":"X-Origin, Referer, Origin,Accept-Encoding","date":"Wed, 04 Nov 2020 04:20:36 GMT","server":"ESF","cache-control":"private","x-xss-protection":"0","x-frame-options":"SAMEORIGIN","x-content-type-options":"nosniff","server-timing":"gfet4t7; dur=1349","alt-svc":"h3-Q050=\":443\"; ma=2592000,h3-29=\":443\"; ma=2592000,h3-T051=\":443\"; ma=2592000,h3-T050=\":443\"; ma=2592000,h3-Q046=\":443\"; ma=2592000,h3-Q043=\":443\"; ma=2592000,quic=\":443\"; ma=2592000; v=\"46,43\"","accept-ranges":"none","transfer-encoding":"chunked"}
[debug] [2020-11-04T04:20:05.238Z] >>> HTTP REQUEST GET https://firebase.googleapis.com/v1beta1/projects/clone-a6f75  
 
[debug] [2020-11-04T04:20:05.828Z] <<< HTTP RESPONSE 200 {"content-type":"application/json; charset=UTF-8","vary":"X-Origin, Referer, Origin,Accept-Encoding","date":"Wed, 04 Nov 2020 04:20:37 GMT","server":"ESF","cache-control":"private","x-xss-protection":"0","x-frame-options":"SAMEORIGIN","x-content-type-options":"nosniff","alt-svc":"h3-Q050=\":443\"; ma=2592000,h3-29=\":443\"; ma=2592000,h3-T051=\":443\"; ma=2592000,h3-T050=\":443\"; ma=2592000,h3-Q046=\":443\"; ma=2592000,h3-Q043=\":443\"; ma=2592000,quic=\":443\"; ma=2592000; v=\"46,43\"","accept-ranges":"none","transfer-encoding":"chunked"}
[debug] [2020-11-04T04:20:06.371Z] TypeError [ERR_INVALID_ARG_TYPE]: The "path" argument must be of type string. Received undefined
    at validateString (internal/validators.js:117:11)
    at Object.join (path.js:375:7)
    at Object.checkFunctionsSDKVersion [as fn] (C:\Users\gsing\AppData\Roaming\npm\node_modules\firebase-tools\lib\checkFirebaseSDKVersion.js:34:28)
    at Command.<anonymous> (C:\Users\gsing\AppData\Roaming\npm\node_modules\firebase-tools\lib\command.js:164:30)
    at Generator.next (<anonymous>)
    at fulfilled (C:\Users\gsing\AppData\Roaming\npm\node_modules\firebase-tools\lib\command.js:5:58)
    at processTicksAndRejections (internal/process/task_queues.js:97:5)
[error] 
[error] Error: An unexpected error has occurred.
[debug] [2020-11-04T04:25:25.907Z] ----------------------------------------------------------------------
[debug] [2020-11-04T04:25:25.909Z] Command:       C:\Program Files\nodejs\node.exe C:\Users\gsing\AppData\Roaming\npm\node_modules\firebase-tools\lib\bin\firebase.js deploy --only hosting
[debug] [2020-11-04T04:25:25.910Z] CLI Version:   8.10.0
[debug] [2020-11-04T04:25:25.910Z] Platform:      win32
[debug] [2020-11-04T04:25:25.910Z] Node Version:  v12.16.1
[debug] [2020-11-04T04:25:25.912Z] Time:          Wed Nov 04 2020 09:55:25 GMT+0530 (India Standard Time)
[debug] [2020-11-04T04:25:25.912Z] ----------------------------------------------------------------------
[debug] [2020-11-04T04:25:25.912Z] 
[debug] [2020-11-04T04:25:25.925Z] > command requires scopes: ["email","openid","https://www.googleapis.com/auth/cloudplatformprojects.readonly","https://www.googleapis.com/auth/firebase","https://www.googleapis.com/auth/cloud-platform"]
[debug] [2020-11-04T04:25:25.926Z] > authorizing via signed-in user
[debug] [2020-11-04T04:25:25.926Z] [iam] checking project clone-a6f75 for permissions ["firebase.projects.get","firebasehosting.sites.update"]
[debug] [2020-11-04T04:25:25.931Z] > refreshing access token with scopes: ["email","https://www.googleapis.com/auth/cloud-platform","https://www.googleapis.com/auth/cloudplatformprojects.readonly","https://www.googleapis.com/auth/firebase","openid"]
[debug] [2020-11-04T04:25:25.931Z] >>> HTTP REQUEST POST https://www.googleapis.com/oauth2/v3/token  
 <request body omitted>
[debug] [2020-11-04T04:25:29.272Z] <<< HTTP RESPONSE 200 {"date":"Wed, 04 Nov 2020 04:26:01 GMT","cache-control":"no-cache, no-store, max-age=0, must-revalidate","expires":"Mon, 01 Jan 1990 00:00:00 GMT","pragma":"no-cache","content-type":"application/json; charset=utf-8","vary":"X-Origin, Referer, Origin,Accept-Encoding","server":"scaffolding on HTTPServer2","x-xss-protection":"0","x-frame-options":"SAMEORIGIN","x-content-type-options":"nosniff","alt-svc":"h3-Q050=\":443\"; ma=2592000,h3-29=\":443\"; ma=2592000,h3-T051=\":443\"; ma=2592000,h3-T050=\":443\"; ma=2592000,h3-Q046=\":443\"; ma=2592000,h3-Q043=\":443\"; ma=2592000,quic=\":443\"; ma=2592000; v=\"46,43\"","accept-ranges":"none","transfer-encoding":"chunked"}
[debug] [2020-11-04T04:25:29.288Z] >>> HTTP REQUEST POST https://cloudresourcemanager.googleapis.com/v1/projects/clone-a6f75:testIamPermissions  
 {"permissions":["firebase.projects.get","firebasehosting.sites.update"]}
[debug] [2020-11-04T04:25:32.705Z] <<< HTTP RESPONSE 200 {"content-type":"application/json; charset=UTF-8","vary":"X-Origin, Referer, Origin,Accept-Encoding","date":"Wed, 04 Nov 2020 04:26:04 GMT","server":"ESF","cache-control":"private","x-xss-protection":"0","x-frame-options":"SAMEORIGIN","x-content-type-options":"nosniff","server-timing":"gfet4t7; dur=1490","alt-svc":"h3-Q050=\":443\"; ma=2592000,h3-29=\":443\"; ma=2592000,h3-T051=\":443\"; ma=2592000,h3-T050=\":443\"; ma=2592000,h3-Q046=\":443\"; ma=2592000,h3-Q043=\":443\"; ma=2592000,quic=\":443\"; ma=2592000; v=\"46,43\"","accept-ranges":"none","transfer-encoding":"chunked"}
[debug] [2020-11-04T04:25:32.707Z] >>> HTTP REQUEST GET https://firebase.googleapis.com/v1beta1/projects/clone-a6f75  
 
[debug] [2020-11-04T04:25:34.017Z] <<< HTTP RESPONSE 200 {"content-type":"application/json; charset=UTF-8","vary":"X-Origin, Referer, Origin,Accept-Encoding","date":"Wed, 04 Nov 2020 04:26:06 GMT","server":"ESF","cache-control":"private","x-xss-protection":"0","x-frame-options":"SAMEORIGIN","x-content-type-options":"nosniff","alt-svc":"h3-Q050=\":443\"; ma=2592000,h3-29=\":443\"; ma=2592000,h3-T051=\":443\"; ma=2592000,h3-T050=\":443\"; ma=2592000,h3-Q046=\":443\"; ma=2592000,h3-Q043=\":443\"; ma=2592000,quic=\":443\"; ma=2592000; v=\"46,43\"","accept-ranges":"none","transfer-encoding":"chunked"}
[debug] [2020-11-04T04:25:41.301Z] TypeError [ERR_INVALID_ARG_TYPE]: The "path" argument must be of type string. Received undefined
    at validateString (internal/validators.js:117:11)
    at Object.join (path.js:375:7)
    at Object.checkFunctionsSDKVersion [as fn] (C:\Users\gsing\AppData\Roaming\npm\node_modules\firebase-tools\lib\checkFirebaseSDKVersion.js:34:28)
    at Command.<anonymous> (C:\Users\gsing\AppData\Roaming\npm\node_modules\firebase-tools\lib\command.js:164:30)
    at Generator.next (<anonymous>)
    at fulfilled (C:\Users\gsing\AppData\Roaming\npm\node_modules\firebase-tools\lib\command.js:5:58)
    at processTicksAndRejections (internal/process/task_queues.js:97:5)
[error] 
[error] Error: An unexpected error has occurred.
